551  [background-preinit] INFO  o.h.validator.internal.util.Version
                – HV000001: Hibernate Validator 8.0.0.Final
582  [main] INFO  r.b.p.Practice15Application
                – Starting Practice15Application using Java 18.0.2.1 with PID 3876 (D:\Java\practice19\target\classes started by Егор in D:\Java\practice19)
583  [main] INFO  r.b.p.Practice15Application
                – No active profile set, falling back to 1 default profile: "default"
1118 [main] INFO  o.s.d.r.c.RepositoryConfigurationDelegate
                – Bootstrapping Spring Data JPA repositories in DEFAULT mode.
1159 [main] INFO  o.s.d.r.c.RepositoryConfigurationDelegate
                – Finished Spring Data repository scanning in 36 ms. Found 2 JPA repository interfaces.
1577 [main] INFO  o.s.b.w.e.tomcat.TomcatWebServer
                – Tomcat initialized with port(s): 8080 (http)
1583 [main] INFO  o.a.coyote.http11.Http11NioProtocol
                – Initializing ProtocolHandler ["http-nio-8080"]
1583 [main] INFO  o.a.catalina.core.StandardService
                – Starting service [Tomcat]
1583 [main] INFO  o.a.catalina.core.StandardEngine
                – Starting Servlet engine: [Apache Tomcat/10.1.7]
1648 [main] INFO  o.a.c.c.C.[Tomcat].[localhost].[/]
                – Initializing Spring embedded WebApplicationContext
1649 [main] INFO  o.s.b.w.s.c.ServletWebServerApplicationContext
                – Root WebApplicationContext: initialization completed in 1025 ms
1748 [main] INFO  o.h.jpa.internal.util.LogHelper
                – HHH000204: Processing PersistenceUnitInfo [name: default]
1774 [main] INFO  org.hibernate.Version
                – HHH000412: Hibernate ORM core version 6.1.7.Final
1930 [main] INFO  com.zaxxer.hikari.HikariDataSource
                – HikariPool-1 - Starting...
2053 [main] INFO  com.zaxxer.hikari.pool.HikariPool
                – HikariPool-1 - Added connection org.postgresql.jdbc.PgConnection@3de79067
2054 [main] INFO  com.zaxxer.hikari.HikariDataSource
                – HikariPool-1 - Start completed.
2084 [main] INFO  SQL dialect
                – HHH000400: Using dialect: org.hibernate.dialect.PostgreSQLDialect
2693 [main] INFO  o.h.e.t.j.p.i.JtaPlatformInitiator
                – HHH000490: Using JtaPlatform implementation: [org.hibernate.engine.transaction.jta.platform.internal.NoJtaPlatform]
2700 [main] INFO  o.s.o.j.LocalContainerEntityManagerFactoryBean
                – Initialized JPA EntityManagerFactory for persistence unit 'default'
2915 [main] WARN  o.s.b.a.o.j.JpaBaseConfiguration$JpaWebConfiguration
                – spring.jpa.open-in-view is enabled by default. Therefore, database queries may be performed during view rendering. Explicitly configure spring.jpa.open-in-view to disable this warning
3197 [main] INFO  o.a.coyote.http11.Http11NioProtocol
                – Starting ProtocolHandler ["http-nio-8080"]
3218 [main] INFO  o.s.b.w.e.tomcat.TomcatWebServer
                – Tomcat started on port(s): 8080 (http) with context path ''
3227 [main] INFO  r.b.p.Practice15Application
                – Started Practice15Application in 2.91 seconds (process running for 3.684)
40757 [http-nio-8080-exec-1] INFO  o.a.c.c.C.[Tomcat].[localhost].[/]
                – Initializing Spring DispatcherServlet 'dispatcherServlet'
40757 [http-nio-8080-exec-1] INFO  o.s.web.servlet.DispatcherServlet
                – Initializing Servlet 'dispatcherServlet'
40757 [http-nio-8080-exec-1] INFO  o.s.web.servlet.DispatcherServlet
                – Completed initialization in 0 ms
40795 [http-nio-8080-exec-1] INFO  r.b.p.services.WorkerService
                – Find all workers
87030 [SpringApplicationShutdownHook] INFO  o.s.o.j.LocalContainerEntityManagerFactoryBean
                – Closing JPA EntityManagerFactory for persistence unit 'default'
87034 [SpringApplicationShutdownHook] INFO  com.zaxxer.hikari.HikariDataSource
                – HikariPool-1 - Shutdown initiated...
87052 [SpringApplicationShutdownHook] INFO  com.zaxxer.hikari.HikariDataSource
                – HikariPool-1 - Shutdown completed.
603  [background-preinit] INFO  o.h.validator.internal.util.Version
                – HV000001: Hibernate Validator 8.0.0.Final
648  [main] INFO  r.b.p.Practice15Application
                – Starting Practice15Application using Java 18.0.2.1 with PID 17216 (D:\Java\practice20\target\classes started by Егор in D:\Java\practice20)
650  [main] INFO  r.b.p.Practice15Application
                – No active profile set, falling back to 1 default profile: "default"
1195 [main] INFO  o.s.d.r.c.RepositoryConfigurationDelegate
                – Bootstrapping Spring Data JPA repositories in DEFAULT mode.
1242 [main] INFO  o.s.d.r.c.RepositoryConfigurationDelegate
                – Finished Spring Data repository scanning in 39 ms. Found 2 JPA repository interfaces.
1431 [main] INFO  o.s.c.s.PostProcessorRegistrationDelegate$BeanPostProcessorChecker
                – Bean 'profilingConfiguration' of type [ru.belosludtsev.practice15.config.ProfilingConfiguration$$SpringCGLIB$$0] is not eligible for getting processed by all BeanPostProcessors (for example: not eligible for auto-proxying)
1433 [main] INFO  o.s.c.s.PostProcessorRegistrationDelegate$BeanPostProcessorChecker
                – Bean 'performanceMonitorInterceptor' of type [org.springframework.aop.interceptor.PerformanceMonitorInterceptor] is not eligible for getting processed by all BeanPostProcessors (for example: not eligible for auto-proxying)
1434 [main] INFO  o.s.c.s.PostProcessorRegistrationDelegate$BeanPostProcessorChecker
                – Bean 'performanceMonitorAdvisor' of type [org.springframework.aop.support.DefaultPointcutAdvisor] is not eligible for getting processed by all BeanPostProcessors (for example: not eligible for auto-proxying)
1712 [main] INFO  o.s.b.w.e.tomcat.TomcatWebServer
                – Tomcat initialized with port(s): 8080 (http)
1718 [main] INFO  o.a.coyote.http11.Http11NioProtocol
                – Initializing ProtocolHandler ["http-nio-8080"]
1719 [main] INFO  o.a.catalina.core.StandardService
                – Starting service [Tomcat]
1719 [main] INFO  o.a.catalina.core.StandardEngine
                – Starting Servlet engine: [Apache Tomcat/10.1.7]
1919 [main] INFO  o.a.c.c.C.[Tomcat].[localhost].[/]
                – Initializing Spring embedded WebApplicationContext
1920 [main] INFO  o.s.b.w.s.c.ServletWebServerApplicationContext
                – Root WebApplicationContext: initialization completed in 1227 ms
2056 [main] INFO  o.h.jpa.internal.util.LogHelper
                – HHH000204: Processing PersistenceUnitInfo [name: default]
2082 [main] INFO  org.hibernate.Version
                – HHH000412: Hibernate ORM core version 6.1.7.Final
2223 [main] INFO  com.zaxxer.hikari.HikariDataSource
                – HikariPool-1 - Starting...
2357 [main] INFO  com.zaxxer.hikari.pool.HikariPool
                – HikariPool-1 - Added connection org.postgresql.jdbc.PgConnection@10131289
2359 [main] INFO  com.zaxxer.hikari.HikariDataSource
                – HikariPool-1 - Start completed.
2382 [main] INFO  SQL dialect
                – HHH000400: Using dialect: org.hibernate.dialect.PostgreSQLDialect
2964 [main] INFO  o.h.e.t.j.p.i.JtaPlatformInitiator
                – HHH000490: Using JtaPlatform implementation: [org.hibernate.engine.transaction.jta.platform.internal.NoJtaPlatform]
2970 [main] INFO  o.s.o.j.LocalContainerEntityManagerFactoryBean
                – Initialized JPA EntityManagerFactory for persistence unit 'default'
3219 [main] WARN  o.s.b.a.o.j.JpaBaseConfiguration$JpaWebConfiguration
                – spring.jpa.open-in-view is enabled by default. Therefore, database queries may be performed during view rendering. Explicitly configure spring.jpa.open-in-view to disable this warning
3501 [main] INFO  o.a.coyote.http11.Http11NioProtocol
                – Starting ProtocolHandler ["http-nio-8080"]
3524 [main] INFO  o.s.b.w.e.tomcat.TomcatWebServer
                – Tomcat started on port(s): 8080 (http) with context path ''
3533 [main] INFO  r.b.p.Practice15Application
                – Started Practice15Application in 3.202 seconds (process running for 4.025)
21823 [http-nio-8080-exec-2] INFO  o.a.c.c.C.[Tomcat].[localhost].[/]
                – Initializing Spring DispatcherServlet 'dispatcherServlet'
21823 [http-nio-8080-exec-2] INFO  o.s.web.servlet.DispatcherServlet
                – Initializing Servlet 'dispatcherServlet'
21823 [http-nio-8080-exec-2] INFO  o.s.web.servlet.DispatcherServlet
                – Completed initialization in 0 ms
21863 [http-nio-8080-exec-2] INFO  r.b.p.services.ManufactureService
                – Find all manufacture
22000 [http-nio-8080-exec-2] INFO  r.b.practice15.util.LoggingAspect
                – StopWatch 'ManufactureService->findAll': running time = 142559100 ns
---------------------------------------------
ns         %     Task name
---------------------------------------------
142559100  100 %  findAll

77284 [SpringApplicationShutdownHook] INFO  o.s.o.j.LocalContainerEntityManagerFactoryBean
                – Closing JPA EntityManagerFactory for persistence unit 'default'
77286 [SpringApplicationShutdownHook] INFO  com.zaxxer.hikari.HikariDataSource
                – HikariPool-1 - Shutdown initiated...
77296 [SpringApplicationShutdownHook] INFO  com.zaxxer.hikari.HikariDataSource
                – HikariPool-1 - Shutdown completed.
